30/12/2020 18:41:40 devpinoyLogger properties file loded successfully
30/12/2020 18:41:44 devpinoyLogger chrome browser lunched
30/12/2020 18:41:46 devpinoyLogger screen meximize and delete cookies
30/12/2020 18:41:46 devpinoyLogger Excel files are loded
30/12/2020 18:45:54 devpinoyLogger properties file loded successfully
30/12/2020 18:45:58 devpinoyLogger chrome browser lunched
30/12/2020 18:46:00 devpinoyLogger screen meximize and delete cookies
30/12/2020 18:46:00 devpinoyLogger Excel files are loded
30/12/2020 18:47:07 devpinoyLogger properties file loded successfully
30/12/2020 18:47:11 devpinoyLogger chrome browser lunched
30/12/2020 18:47:13 devpinoyLogger screen meximize and delete cookies
30/12/2020 18:47:14 devpinoyLogger Excel files are loded
30/12/2020 18:47:24 devpinoyLogger longin successfully
30/12/2020 18:47:41 devpinoyLogger properties file loded successfully
30/12/2020 18:47:45 devpinoyLogger chrome browser lunched
30/12/2020 18:47:47 devpinoyLogger screen meximize and delete cookies
30/12/2020 18:47:48 devpinoyLogger Excel files are loded
30/12/2020 18:48:00 devpinoyLogger longin successfully
30/12/2020 18:48:08 devpinoyLogger properties file loded successfully
30/12/2020 18:48:12 devpinoyLogger chrome browser lunched
30/12/2020 18:48:14 devpinoyLogger screen meximize and delete cookies
30/12/2020 18:48:14 devpinoyLogger Excel files are loded
30/12/2020 18:48:27 devpinoyLogger longin successfully
